2024-01-11T09:56:09+00:00 CRITICAL Uncaught TypeError: Unsupported operand types: string * string in C:\wamp64\www\woo\wp-content\plugins\adrocket-quantity-based-price\index.php:126
Stack trace:
#0 C:\wamp64\www\woo\wp-includes\class-wp-hook.php(324): get_updated_price_callback('')
#1 C:\wamp64\www\woo\wp-includes\class-wp-hook.php(348): WP_Hook->apply_filters('', Array)
#2 C:\wamp64\www\woo\wp-includes\plugin.php(517): WP_Hook->do_action(Array)
#3 C:\wamp64\www\woo\wp-admin\admin-ajax.php(188): do_action('wp_ajax_get_upd...')
#4 {main}
  thrown in C:\wamp64\www\woo\wp-content\plugins\adrocket-quantity-based-price\index.php on line 126

2024-01-11T09:56:14+00:00 CRITICAL Uncaught TypeError: Unsupported operand types: string * string in C:\wamp64\www\woo\wp-content\plugins\adrocket-quantity-based-price\index.php:126
Stack trace:
#0 C:\wamp64\www\woo\wp-includes\class-wp-hook.php(324): get_updated_price_callback('')
#1 C:\wamp64\www\woo\wp-includes\class-wp-hook.php(348): WP_Hook->apply_filters('', Array)
#2 C:\wamp64\www\woo\wp-includes\plugin.php(517): WP_Hook->do_action(Array)
#3 C:\wamp64\www\woo\wp-admin\admin-ajax.php(188): do_action('wp_ajax_get_upd...')
#4 {main}
  thrown in C:\wamp64\www\woo\wp-content\plugins\adrocket-quantity-based-price\index.php on line 126

2024-01-11T09:56:16+00:00 CRITICAL Uncaught TypeError: Unsupported operand types: string * string in C:\wamp64\www\woo\wp-content\plugins\adrocket-quantity-based-price\index.php:126
Stack trace:
#0 C:\wamp64\www\woo\wp-includes\class-wp-hook.php(324): get_updated_price_callback('')
#1 C:\wamp64\www\woo\wp-includes\class-wp-hook.php(348): WP_Hook->apply_filters('', Array)
#2 C:\wamp64\www\woo\wp-includes\plugin.php(517): WP_Hook->do_action(Array)
#3 C:\wamp64\www\woo\wp-admin\admin-ajax.php(188): do_action('wp_ajax_get_upd...')
#4 {main}
  thrown in C:\wamp64\www\woo\wp-content\plugins\adrocket-quantity-based-price\index.php on line 126

2024-01-11T09:56:37+00:00 CRITICAL Uncaught TypeError: Unsupported operand types: string * string in C:\wamp64\www\woo\wp-content\plugins\adrocket-quantity-based-price\index.php:126
Stack trace:
#0 C:\wamp64\www\woo\wp-includes\class-wp-hook.php(324): get_updated_price_callback('')
#1 C:\wamp64\www\woo\wp-includes\class-wp-hook.php(348): WP_Hook->apply_filters('', Array)
#2 C:\wamp64\www\woo\wp-includes\plugin.php(517): WP_Hook->do_action(Array)
#3 C:\wamp64\www\woo\wp-admin\admin-ajax.php(188): do_action('wp_ajax_get_upd...')
#4 {main}
  thrown in C:\wamp64\www\woo\wp-content\plugins\adrocket-quantity-based-price\index.php on line 126

2024-01-11T09:57:11+00:00 CRITICAL Uncaught TypeError: Unsupported operand types: string * string in C:\wamp64\www\woo\wp-content\plugins\adrocket-quantity-based-price\index.php:126
Stack trace:
#0 C:\wamp64\www\woo\wp-includes\class-wp-hook.php(324): get_updated_price_callback('')
#1 C:\wamp64\www\woo\wp-includes\class-wp-hook.php(348): WP_Hook->apply_filters('', Array)
#2 C:\wamp64\www\woo\wp-includes\plugin.php(517): WP_Hook->do_action(Array)
#3 C:\wamp64\www\woo\wp-admin\admin-ajax.php(188): do_action('wp_ajax_get_upd...')
#4 {main}
  thrown in C:\wamp64\www\woo\wp-content\plugins\adrocket-quantity-based-price\index.php on line 126

2024-01-11T09:57:22+00:00 CRITICAL Uncaught TypeError: Unsupported operand types: string * string in C:\wamp64\www\woo\wp-content\plugins\adrocket-quantity-based-price\index.php:126
Stack trace:
#0 C:\wamp64\www\woo\wp-includes\class-wp-hook.php(324): get_updated_price_callback('')
#1 C:\wamp64\www\woo\wp-includes\class-wp-hook.php(348): WP_Hook->apply_filters('', Array)
#2 C:\wamp64\www\woo\wp-includes\plugin.php(517): WP_Hook->do_action(Array)
#3 C:\wamp64\www\woo\wp-admin\admin-ajax.php(188): do_action('wp_ajax_get_upd...')
#4 {main}
  thrown in C:\wamp64\www\woo\wp-content\plugins\adrocket-quantity-based-price\index.php on line 126

2024-01-11T09:57:26+00:00 CRITICAL Uncaught TypeError: Unsupported operand types: string * string in C:\wamp64\www\woo\wp-content\plugins\adrocket-quantity-based-price\index.php:126
Stack trace:
#0 C:\wamp64\www\woo\wp-includes\class-wp-hook.php(324): get_updated_price_callback('')
#1 C:\wamp64\www\woo\wp-includes\class-wp-hook.php(348): WP_Hook->apply_filters('', Array)
#2 C:\wamp64\www\woo\wp-includes\plugin.php(517): WP_Hook->do_action(Array)
#3 C:\wamp64\www\woo\wp-admin\admin-ajax.php(188): do_action('wp_ajax_get_upd...')
#4 {main}
  thrown in C:\wamp64\www\woo\wp-content\plugins\adrocket-quantity-based-price\index.php on line 126

2024-01-11T10:20:07+00:00 CRITICAL Uncaught TypeError: Unsupported operand types: string * string in C:\wamp64\www\woo\wp-content\plugins\adrocket-quantity-based-price\index.php:126
Stack trace:
#0 C:\wamp64\www\woo\wp-includes\class-wp-hook.php(324): get_updated_price_callback('')
#1 C:\wamp64\www\woo\wp-includes\class-wp-hook.php(348): WP_Hook->apply_filters('', Array)
#2 C:\wamp64\www\woo\wp-includes\plugin.php(517): WP_Hook->do_action(Array)
#3 C:\wamp64\www\woo\wp-admin\admin-ajax.php(188): do_action('wp_ajax_get_upd...')
#4 {main}
  thrown in C:\wamp64\www\woo\wp-content\plugins\adrocket-quantity-based-price\index.php on line 126

2024-01-11T10:21:35+00:00 CRITICAL Uncaught TypeError: Unsupported operand types: string * string in C:\wamp64\www\woo\wp-content\plugins\adrocket-quantity-based-price\index.php:126
Stack trace:
#0 C:\wamp64\www\woo\wp-includes\class-wp-hook.php(324): get_updated_price_callback('')
#1 C:\wamp64\www\woo\wp-includes\class-wp-hook.php(348): WP_Hook->apply_filters('', Array)
#2 C:\wamp64\www\woo\wp-includes\plugin.php(517): WP_Hook->do_action(Array)
#3 C:\wamp64\www\woo\wp-admin\admin-ajax.php(188): do_action('wp_ajax_get_upd...')
#4 {main}
  thrown in C:\wamp64\www\woo\wp-content\plugins\adrocket-quantity-based-price\index.php on line 126

2024-01-11T10:25:37+00:00 CRITICAL Uncaught TypeError: Unsupported operand types: string * string in C:\wamp64\www\woo\wp-content\plugins\adrocket-quantity-based-price\index.php:126
Stack trace:
#0 C:\wamp64\www\woo\wp-includes\class-wp-hook.php(324): get_updated_price_callback('')
#1 C:\wamp64\www\woo\wp-includes\class-wp-hook.php(348): WP_Hook->apply_filters('', Array)
#2 C:\wamp64\www\woo\wp-includes\plugin.php(517): WP_Hook->do_action(Array)
#3 C:\wamp64\www\woo\wp-admin\admin-ajax.php(188): do_action('wp_ajax_get_upd...')
#4 {main}
  thrown in C:\wamp64\www\woo\wp-content\plugins\adrocket-quantity-based-price\index.php on line 126

2024-01-11T10:26:02+00:00 CRITICAL Uncaught TypeError: Unsupported operand types: string * string in C:\wamp64\www\woo\wp-content\plugins\adrocket-quantity-based-price\index.php:126
Stack trace:
#0 C:\wamp64\www\woo\wp-includes\class-wp-hook.php(324): get_updated_price_callback('')
#1 C:\wamp64\www\woo\wp-includes\class-wp-hook.php(348): WP_Hook->apply_filters('', Array)
#2 C:\wamp64\www\woo\wp-includes\plugin.php(517): WP_Hook->do_action(Array)
#3 C:\wamp64\www\woo\wp-admin\admin-ajax.php(188): do_action('wp_ajax_get_upd...')
#4 {main}
  thrown in C:\wamp64\www\woo\wp-content\plugins\adrocket-quantity-based-price\index.php on line 126

2024-01-11T10:26:07+00:00 CRITICAL Uncaught TypeError: Unsupported operand types: string * string in C:\wamp64\www\woo\wp-content\plugins\adrocket-quantity-based-price\index.php:126
Stack trace:
#0 C:\wamp64\www\woo\wp-includes\class-wp-hook.php(324): get_updated_price_callback('')
#1 C:\wamp64\www\woo\wp-includes\class-wp-hook.php(348): WP_Hook->apply_filters('', Array)
#2 C:\wamp64\www\woo\wp-includes\plugin.php(517): WP_Hook->do_action(Array)
#3 C:\wamp64\www\woo\wp-admin\admin-ajax.php(188): do_action('wp_ajax_get_upd...')
#4 {main}
  thrown in C:\wamp64\www\woo\wp-content\plugins\adrocket-quantity-based-price\index.php on line 126

2024-01-11T10:26:19+00:00 CRITICAL Uncaught TypeError: Unsupported operand types: string * string in C:\wamp64\www\woo\wp-content\plugins\adrocket-quantity-based-price\index.php:126
Stack trace:
#0 C:\wamp64\www\woo\wp-includes\class-wp-hook.php(324): get_updated_price_callback('')
#1 C:\wamp64\www\woo\wp-includes\class-wp-hook.php(348): WP_Hook->apply_filters('', Array)
#2 C:\wamp64\www\woo\wp-includes\plugin.php(517): WP_Hook->do_action(Array)
#3 C:\wamp64\www\woo\wp-admin\admin-ajax.php(188): do_action('wp_ajax_get_upd...')
#4 {main}
  thrown in C:\wamp64\www\woo\wp-content\plugins\adrocket-quantity-based-price\index.php on line 126

2024-01-11T10:38:49+00:00 CRITICAL Uncaught TypeError: Unsupported operand types: string * string in C:\wamp64\www\woo\wp-content\plugins\adrocket-quantity-based-price\index.php:129
Stack trace:
#0 C:\wamp64\www\woo\wp-includes\class-wp-hook.php(324): get_updated_price_callback('')
#1 C:\wamp64\www\woo\wp-includes\class-wp-hook.php(348): WP_Hook->apply_filters('', Array)
#2 C:\wamp64\www\woo\wp-includes\plugin.php(517): WP_Hook->do_action(Array)
#3 C:\wamp64\www\woo\wp-admin\admin-ajax.php(188): do_action('wp_ajax_get_upd...')
#4 {main}
  thrown in C:\wamp64\www\woo\wp-content\plugins\adrocket-quantity-based-price\index.php on line 129

2024-01-11T10:38:51+00:00 CRITICAL Uncaught TypeError: Unsupported operand types: string * string in C:\wamp64\www\woo\wp-content\plugins\adrocket-quantity-based-price\index.php:129
Stack trace:
#0 C:\wamp64\www\woo\wp-includes\class-wp-hook.php(324): get_updated_price_callback('')
#1 C:\wamp64\www\woo\wp-includes\class-wp-hook.php(348): WP_Hook->apply_filters('', Array)
#2 C:\wamp64\www\woo\wp-includes\plugin.php(517): WP_Hook->do_action(Array)
#3 C:\wamp64\www\woo\wp-admin\admin-ajax.php(188): do_action('wp_ajax_get_upd...')
#4 {main}
  thrown in C:\wamp64\www\woo\wp-content\plugins\adrocket-quantity-based-price\index.php on line 129

2024-01-11T11:02:17+00:00 CRITICAL Uncaught TypeError: Unsupported operand types: string * string in C:\wamp64\www\woo\wp-content\plugins\adrocket-quantity-based-price\index.php:129
Stack trace:
#0 C:\wamp64\www\woo\wp-includes\class-wp-hook.php(324): get_updated_price_callback('')
#1 C:\wamp64\www\woo\wp-includes\class-wp-hook.php(348): WP_Hook->apply_filters('', Array)
#2 C:\wamp64\www\woo\wp-includes\plugin.php(517): WP_Hook->do_action(Array)
#3 C:\wamp64\www\woo\wp-admin\admin-ajax.php(188): do_action('wp_ajax_get_upd...')
#4 {main}
  thrown in C:\wamp64\www\woo\wp-content\plugins\adrocket-quantity-based-price\index.php on line 129

2024-01-11T11:06:07+00:00 CRITICAL Uncaught TypeError: Unsupported operand types: string * string in C:\wamp64\www\woo\wp-content\plugins\adrocket-quantity-based-price\index.php:129
Stack trace:
#0 C:\wamp64\www\woo\wp-includes\class-wp-hook.php(324): get_updated_price_callback('')
#1 C:\wamp64\www\woo\wp-includes\class-wp-hook.php(348): WP_Hook->apply_filters('', Array)
#2 C:\wamp64\www\woo\wp-includes\plugin.php(517): WP_Hook->do_action(Array)
#3 C:\wamp64\www\woo\wp-admin\admin-ajax.php(188): do_action('wp_ajax_get_upd...')
#4 {main}
  thrown in C:\wamp64\www\woo\wp-content\plugins\adrocket-quantity-based-price\index.php on line 129

2024-01-11T11:06:08+00:00 CRITICAL Uncaught TypeError: Unsupported operand types: string * string in C:\wamp64\www\woo\wp-content\plugins\adrocket-quantity-based-price\index.php:129
Stack trace:
#0 C:\wamp64\www\woo\wp-includes\class-wp-hook.php(324): get_updated_price_callback('')
#1 C:\wamp64\www\woo\wp-includes\class-wp-hook.php(348): WP_Hook->apply_filters('', Array)
#2 C:\wamp64\www\woo\wp-includes\plugin.php(517): WP_Hook->do_action(Array)
#3 C:\wamp64\www\woo\wp-admin\admin-ajax.php(188): do_action('wp_ajax_get_upd...')
#4 {main}
  thrown in C:\wamp64\www\woo\wp-content\plugins\adrocket-quantity-based-price\index.php on line 129

2024-01-11T11:06:15+00:00 CRITICAL Uncaught TypeError: Unsupported operand types: string * string in C:\wamp64\www\woo\wp-content\plugins\adrocket-quantity-based-price\index.php:129
Stack trace:
#0 C:\wamp64\www\woo\wp-includes\class-wp-hook.php(324): get_updated_price_callback('')
#1 C:\wamp64\www\woo\wp-includes\class-wp-hook.php(348): WP_Hook->apply_filters('', Array)
#2 C:\wamp64\www\woo\wp-includes\plugin.php(517): WP_Hook->do_action(Array)
#3 C:\wamp64\www\woo\wp-admin\admin-ajax.php(188): do_action('wp_ajax_get_upd...')
#4 {main}
  thrown in C:\wamp64\www\woo\wp-content\plugins\adrocket-quantity-based-price\index.php on line 129

2024-01-11T11:06:16+00:00 CRITICAL Uncaught TypeError: Unsupported operand types: string * string in C:\wamp64\www\woo\wp-content\plugins\adrocket-quantity-based-price\index.php:129
Stack trace:
#0 C:\wamp64\www\woo\wp-includes\class-wp-hook.php(324): get_updated_price_callback('')
#1 C:\wamp64\www\woo\wp-includes\class-wp-hook.php(348): WP_Hook->apply_filters('', Array)
#2 C:\wamp64\www\woo\wp-includes\plugin.php(517): WP_Hook->do_action(Array)
#3 C:\wamp64\www\woo\wp-admin\admin-ajax.php(188): do_action('wp_ajax_get_upd...')
#4 {main}
  thrown in C:\wamp64\www\woo\wp-content\plugins\adrocket-quantity-based-price\index.php on line 129

2024-01-11T11:15:16+00:00 CRITICAL Uncaught TypeError: Unsupported operand types: string * string in C:\wamp64\www\woo\wp-content\plugins\adrocket-quantity-based-price\index.php:167
Stack trace:
#0 C:\wamp64\www\woo\wp-includes\class-wp-hook.php(324): get_updated_price_callback('')
#1 C:\wamp64\www\woo\wp-includes\class-wp-hook.php(348): WP_Hook->apply_filters('', Array)
#2 C:\wamp64\www\woo\wp-includes\plugin.php(517): WP_Hook->do_action(Array)
#3 C:\wamp64\www\woo\wp-admin\admin-ajax.php(188): do_action('wp_ajax_get_upd...')
#4 {main}
  thrown in C:\wamp64\www\woo\wp-content\plugins\adrocket-quantity-based-price\index.php on line 167

2024-01-11T11:15:18+00:00 CRITICAL Uncaught TypeError: Unsupported operand types: string * string in C:\wamp64\www\woo\wp-content\plugins\adrocket-quantity-based-price\index.php:167
Stack trace:
#0 C:\wamp64\www\woo\wp-includes\class-wp-hook.php(324): get_updated_price_callback('')
#1 C:\wamp64\www\woo\wp-includes\class-wp-hook.php(348): WP_Hook->apply_filters('', Array)
#2 C:\wamp64\www\woo\wp-includes\plugin.php(517): WP_Hook->do_action(Array)
#3 C:\wamp64\www\woo\wp-admin\admin-ajax.php(188): do_action('wp_ajax_get_upd...')
#4 {main}
  thrown in C:\wamp64\www\woo\wp-content\plugins\adrocket-quantity-based-price\index.php on line 167

2024-01-11T11:15:32+00:00 CRITICAL Uncaught TypeError: Unsupported operand types: string * string in C:\wamp64\www\woo\wp-content\plugins\adrocket-quantity-based-price\index.php:167
Stack trace:
#0 C:\wamp64\www\woo\wp-includes\class-wp-hook.php(324): get_updated_price_callback('')
#1 C:\wamp64\www\woo\wp-includes\class-wp-hook.php(348): WP_Hook->apply_filters('', Array)
#2 C:\wamp64\www\woo\wp-includes\plugin.php(517): WP_Hook->do_action(Array)
#3 C:\wamp64\www\woo\wp-admin\admin-ajax.php(188): do_action('wp_ajax_get_upd...')
#4 {main}
  thrown in C:\wamp64\www\woo\wp-content\plugins\adrocket-quantity-based-price\index.php on line 167

2024-01-11T14:12:10+00:00 CRITICAL Uncaught TypeError: Unsupported operand types: string * string in C:\wamp64\www\woo\wp-content\plugins\adrocket-price-update\index.php:43
Stack trace:
#0 C:\wamp64\www\woo\wp-includes\class-wp-hook.php(324): get_updated_price_callback('')
#1 C:\wamp64\www\woo\wp-includes\class-wp-hook.php(348): WP_Hook->apply_filters('', Array)
#2 C:\wamp64\www\woo\wp-includes\plugin.php(517): WP_Hook->do_action(Array)
#3 C:\wamp64\www\woo\wp-admin\admin-ajax.php(188): do_action('wp_ajax_get_upd...')
#4 {main}
  thrown in C:\wamp64\www\woo\wp-content\plugins\adrocket-price-update\index.php on line 43

2024-01-11T14:12:12+00:00 CRITICAL Uncaught TypeError: Unsupported operand types: string * string in C:\wamp64\www\woo\wp-content\plugins\adrocket-price-update\index.php:43
Stack trace:
#0 C:\wamp64\www\woo\wp-includes\class-wp-hook.php(324): get_updated_price_callback('')
#1 C:\wamp64\www\woo\wp-includes\class-wp-hook.php(348): WP_Hook->apply_filters('', Array)
#2 C:\wamp64\www\woo\wp-includes\plugin.php(517): WP_Hook->do_action(Array)
#3 C:\wamp64\www\woo\wp-admin\admin-ajax.php(188): do_action('wp_ajax_get_upd...')
#4 {main}
  thrown in C:\wamp64\www\woo\wp-content\plugins\adrocket-price-update\index.php on line 43

2024-01-11T14:16:18+00:00 CRITICAL Uncaught TypeError: Unsupported operand types: string * string in C:\wamp64\www\woo\wp-content\plugins\adrocket-price-update\index.php:45
Stack trace:
#0 C:\wamp64\www\woo\wp-includes\class-wp-hook.php(324): get_updated_price_callback('')
#1 C:\wamp64\www\woo\wp-includes\class-wp-hook.php(348): WP_Hook->apply_filters('', Array)
#2 C:\wamp64\www\woo\wp-includes\plugin.php(517): WP_Hook->do_action(Array)
#3 C:\wamp64\www\woo\wp-admin\admin-ajax.php(188): do_action('wp_ajax_get_upd...')
#4 {main}
  thrown in C:\wamp64\www\woo\wp-content\plugins\adrocket-price-update\index.php on line 45

