2024-01-12T10:36:52+00:00 CRITICAL Uncaught DivisionByZeroError: Division by zero in C:\wamp64\www\woo\wp-content\plugins\adrocket-price-update\index.php:56
Stack trace:
#0 C:\wamp64\www\woo\wp-includes\class-wp-hook.php(324): get_updated_price_callback('')
#1 C:\wamp64\www\woo\wp-includes\class-wp-hook.php(348): WP_Hook->apply_filters('', Array)
#2 C:\wamp64\www\woo\wp-includes\plugin.php(517): WP_Hook->do_action(Array)
#3 C:\wamp64\www\woo\wp-admin\admin-ajax.php(188): do_action('wp_ajax_get_upd...')
#4 {main}
  thrown in C:\wamp64\www\woo\wp-content\plugins\adrocket-price-update\index.php on line 56

2024-01-12T10:37:06+00:00 CRITICAL Uncaught DivisionByZeroError: Division by zero in C:\wamp64\www\woo\wp-content\plugins\adrocket-price-update\index.php:56
Stack trace:
#0 C:\wamp64\www\woo\wp-includes\class-wp-hook.php(324): get_updated_price_callback('')
#1 C:\wamp64\www\woo\wp-includes\class-wp-hook.php(348): WP_Hook->apply_filters('', Array)
#2 C:\wamp64\www\woo\wp-includes\plugin.php(517): WP_Hook->do_action(Array)
#3 C:\wamp64\www\woo\wp-admin\admin-ajax.php(188): do_action('wp_ajax_get_upd...')
#4 {main}
  thrown in C:\wamp64\www\woo\wp-content\plugins\adrocket-price-update\index.php on line 56

2024-01-12T10:40:31+00:00 CRITICAL Uncaught DivisionByZeroError: Division by zero in C:\wamp64\www\woo\wp-content\plugins\adrocket-price-update\index.php:56
Stack trace:
#0 C:\wamp64\www\woo\wp-includes\class-wp-hook.php(324): get_updated_price_callback('')
#1 C:\wamp64\www\woo\wp-includes\class-wp-hook.php(348): WP_Hook->apply_filters('', Array)
#2 C:\wamp64\www\woo\wp-includes\plugin.php(517): WP_Hook->do_action(Array)
#3 C:\wamp64\www\woo\wp-admin\admin-ajax.php(188): do_action('wp_ajax_get_upd...')
#4 {main}
  thrown in C:\wamp64\www\woo\wp-content\plugins\adrocket-price-update\index.php on line 56

2024-01-12T10:41:37+00:00 CRITICAL Uncaught DivisionByZeroError: Division by zero in C:\wamp64\www\woo\wp-content\plugins\adrocket-price-update\index.php:56
Stack trace:
#0 C:\wamp64\www\woo\wp-includes\class-wp-hook.php(324): get_updated_price_callback('')
#1 C:\wamp64\www\woo\wp-includes\class-wp-hook.php(348): WP_Hook->apply_filters('', Array)
#2 C:\wamp64\www\woo\wp-includes\plugin.php(517): WP_Hook->do_action(Array)
#3 C:\wamp64\www\woo\wp-admin\admin-ajax.php(188): do_action('wp_ajax_get_upd...')
#4 {main}
  thrown in C:\wamp64\www\woo\wp-content\plugins\adrocket-price-update\index.php on line 56

2024-01-12T10:44:26+00:00 CRITICAL Uncaught DivisionByZeroError: Division by zero in C:\wamp64\www\woo\wp-content\plugins\adrocket-price-update\index.php:56
Stack trace:
#0 C:\wamp64\www\woo\wp-includes\class-wp-hook.php(324): get_updated_price_callback('')
#1 C:\wamp64\www\woo\wp-includes\class-wp-hook.php(348): WP_Hook->apply_filters('', Array)
#2 C:\wamp64\www\woo\wp-includes\plugin.php(517): WP_Hook->do_action(Array)
#3 C:\wamp64\www\woo\wp-admin\admin-ajax.php(188): do_action('wp_ajax_get_upd...')
#4 {main}
  thrown in C:\wamp64\www\woo\wp-content\plugins\adrocket-price-update\index.php on line 56

2024-01-12T10:49:36+00:00 CRITICAL Uncaught DivisionByZeroError: Division by zero in C:\wamp64\www\woo\wp-content\plugins\adrocket-price-update\index.php:56
Stack trace:
#0 C:\wamp64\www\woo\wp-includes\class-wp-hook.php(324): get_updated_price_callback('')
#1 C:\wamp64\www\woo\wp-includes\class-wp-hook.php(348): WP_Hook->apply_filters('', Array)
#2 C:\wamp64\www\woo\wp-includes\plugin.php(517): WP_Hook->do_action(Array)
#3 C:\wamp64\www\woo\wp-admin\admin-ajax.php(188): do_action('wp_ajax_get_upd...')
#4 {main}
  thrown in C:\wamp64\www\woo\wp-content\plugins\adrocket-price-update\index.php on line 56

2024-01-12T10:49:38+00:00 CRITICAL Uncaught DivisionByZeroError: Division by zero in C:\wamp64\www\woo\wp-content\plugins\adrocket-price-update\index.php:56
Stack trace:
#0 C:\wamp64\www\woo\wp-includes\class-wp-hook.php(324): get_updated_price_callback('')
#1 C:\wamp64\www\woo\wp-includes\class-wp-hook.php(348): WP_Hook->apply_filters('', Array)
#2 C:\wamp64\www\woo\wp-includes\plugin.php(517): WP_Hook->do_action(Array)
#3 C:\wamp64\www\woo\wp-admin\admin-ajax.php(188): do_action('wp_ajax_get_upd...')
#4 {main}
  thrown in C:\wamp64\www\woo\wp-content\plugins\adrocket-price-update\index.php on line 56

2024-01-12T10:49:40+00:00 CRITICAL Uncaught DivisionByZeroError: Division by zero in C:\wamp64\www\woo\wp-content\plugins\adrocket-price-update\index.php:56
Stack trace:
#0 C:\wamp64\www\woo\wp-includes\class-wp-hook.php(324): get_updated_price_callback('')
#1 C:\wamp64\www\woo\wp-includes\class-wp-hook.php(348): WP_Hook->apply_filters('', Array)
#2 C:\wamp64\www\woo\wp-includes\plugin.php(517): WP_Hook->do_action(Array)
#3 C:\wamp64\www\woo\wp-admin\admin-ajax.php(188): do_action('wp_ajax_get_upd...')
#4 {main}
  thrown in C:\wamp64\www\woo\wp-content\plugins\adrocket-price-update\index.php on line 56

2024-01-12T10:49:47+00:00 CRITICAL Uncaught DivisionByZeroError: Division by zero in C:\wamp64\www\woo\wp-content\plugins\adrocket-price-update\index.php:56
Stack trace:
#0 C:\wamp64\www\woo\wp-includes\class-wp-hook.php(324): get_updated_price_callback('')
#1 C:\wamp64\www\woo\wp-includes\class-wp-hook.php(348): WP_Hook->apply_filters('', Array)
#2 C:\wamp64\www\woo\wp-includes\plugin.php(517): WP_Hook->do_action(Array)
#3 C:\wamp64\www\woo\wp-admin\admin-ajax.php(188): do_action('wp_ajax_get_upd...')
#4 {main}
  thrown in C:\wamp64\www\woo\wp-content\plugins\adrocket-price-update\index.php on line 56

2024-01-12T10:50:53+00:00 CRITICAL Uncaught DivisionByZeroError: Division by zero in C:\wamp64\www\woo\wp-content\plugins\adrocket-price-update\index.php:56
Stack trace:
#0 C:\wamp64\www\woo\wp-includes\class-wp-hook.php(324): get_updated_price_callback('')
#1 C:\wamp64\www\woo\wp-includes\class-wp-hook.php(348): WP_Hook->apply_filters('', Array)
#2 C:\wamp64\www\woo\wp-includes\plugin.php(517): WP_Hook->do_action(Array)
#3 C:\wamp64\www\woo\wp-admin\admin-ajax.php(188): do_action('wp_ajax_get_upd...')
#4 {main}
  thrown in C:\wamp64\www\woo\wp-content\plugins\adrocket-price-update\index.php on line 56

2024-01-12T10:51:01+00:00 CRITICAL Uncaught DivisionByZeroError: Division by zero in C:\wamp64\www\woo\wp-content\plugins\adrocket-price-update\index.php:56
Stack trace:
#0 C:\wamp64\www\woo\wp-includes\class-wp-hook.php(324): get_updated_price_callback('')
#1 C:\wamp64\www\woo\wp-includes\class-wp-hook.php(348): WP_Hook->apply_filters('', Array)
#2 C:\wamp64\www\woo\wp-includes\plugin.php(517): WP_Hook->do_action(Array)
#3 C:\wamp64\www\woo\wp-admin\admin-ajax.php(188): do_action('wp_ajax_get_upd...')
#4 {main}
  thrown in C:\wamp64\www\woo\wp-content\plugins\adrocket-price-update\index.php on line 56

2024-01-12T10:51:05+00:00 CRITICAL Uncaught DivisionByZeroError: Division by zero in C:\wamp64\www\woo\wp-content\plugins\adrocket-price-update\index.php:56
Stack trace:
#0 C:\wamp64\www\woo\wp-includes\class-wp-hook.php(324): get_updated_price_callback('')
#1 C:\wamp64\www\woo\wp-includes\class-wp-hook.php(348): WP_Hook->apply_filters('', Array)
#2 C:\wamp64\www\woo\wp-includes\plugin.php(517): WP_Hook->do_action(Array)
#3 C:\wamp64\www\woo\wp-admin\admin-ajax.php(188): do_action('wp_ajax_get_upd...')
#4 {main}
  thrown in C:\wamp64\www\woo\wp-content\plugins\adrocket-price-update\index.php on line 56

2024-01-12T11:00:30+00:00 CRITICAL Uncaught DivisionByZeroError: Division by zero in C:\wamp64\www\woo\wp-content\plugins\adrocket-price-update\index.php:38
Stack trace:
#0 C:\wamp64\www\woo\wp-includes\class-wp-hook.php(324): get_updated_price_callback('')
#1 C:\wamp64\www\woo\wp-includes\class-wp-hook.php(348): WP_Hook->apply_filters('', Array)
#2 C:\wamp64\www\woo\wp-includes\plugin.php(517): WP_Hook->do_action(Array)
#3 C:\wamp64\www\woo\wp-admin\admin-ajax.php(188): do_action('wp_ajax_get_upd...')
#4 {main}
  thrown in C:\wamp64\www\woo\wp-content\plugins\adrocket-price-update\index.php on line 38

2024-01-12T11:04:00+00:00 CRITICAL Uncaught DivisionByZeroError: Division by zero in C:\wamp64\www\woo\wp-content\plugins\adrocket-price-update\index.php:54
Stack trace:
#0 C:\wamp64\www\woo\wp-includes\class-wp-hook.php(324): get_updated_price_callback('')
#1 C:\wamp64\www\woo\wp-includes\class-wp-hook.php(348): WP_Hook->apply_filters('', Array)
#2 C:\wamp64\www\woo\wp-includes\plugin.php(517): WP_Hook->do_action(Array)
#3 C:\wamp64\www\woo\wp-admin\admin-ajax.php(188): do_action('wp_ajax_get_upd...')
#4 {main}
  thrown in C:\wamp64\www\woo\wp-content\plugins\adrocket-price-update\index.php on line 54

